[27-Jan-2014 13:36:43 America/New_York] PHP Warning:  PHP Startup: Unable to load dynamic library '/usr/lib/php/extensions/no-debug-non-zts-20100525/php_curl.dll' - dlopen(/usr/lib/php/extensions/no-debug-non-zts-20100525/php_curl.dll, 9): image not found in Unknown on line 0
[27-Jan-2014 13:36:43 America/New_York] PHP Warning:  PHP Startup: Unable to load dynamic library '/usr/lib/php/extensions/no-debug-non-zts-20100525/php_gd2.dll' - dlopen(/usr/lib/php/extensions/no-debug-non-zts-20100525/php_gd2.dll, 9): image not found in Unknown on line 0
[27-Jan-2014 13:36:43 America/New_York] PHP Warning:  PHP Startup: Unable to load dynamic library '/usr/lib/php/extensions/no-debug-non-zts-20100525/php_mbstring.dll' - dlopen(/usr/lib/php/extensions/no-debug-non-zts-20100525/php_mbstring.dll, 9): image not found in Unknown on line 0
[27-Jan-2014 13:36:43 America/New_York] PHP Warning:  PHP Startup: Unable to load dynamic library '/usr/lib/php/extensions/no-debug-non-zts-20100525/php_mysql.dll' - dlopen(/usr/lib/php/extensions/no-debug-non-zts-20100525/php_mysql.dll, 9): image not found in Unknown on line 0
[27-Jan-2014 13:36:43 America/New_York] PHP Warning:  PHP Startup: Unable to load dynamic library '/usr/lib/php/extensions/no-debug-non-zts-20100525/php_mysqli.dll' - dlopen(/usr/lib/php/extensions/no-debug-non-zts-20100525/php_mysqli.dll, 9): image not found in Unknown on line 0
[27-Jan-2014 13:36:43 America/New_York] PHP Warning:  PHP Startup: Unable to load dynamic library '/usr/lib/php/extensions/no-debug-non-zts-20100525/php_pdo_mysql.dll' - dlopen(/usr/lib/php/extensions/no-debug-non-zts-20100525/php_pdo_mysql.dll, 9): image not found in Unknown on line 0
[27-Jan-2014 13:36:43 America/New_York] PHP Warning:  PHP Startup: Unable to load dynamic library '/usr/lib/php/extensions/no-debug-non-zts-20100525/php_zip.dll' - dlopen(/usr/lib/php/extensions/no-debug-non-zts-20100525/php_zip.dll, 9): image not found in Unknown on line 0
[27-Jan-2014 13:40:43 America/New_York] PHP Warning:  PHP Startup: Unable to load dynamic library '/usr/lib/php/extensions/no-debug-non-zts-20100525/php_curl.dll' - dlopen(/usr/lib/php/extensions/no-debug-non-zts-20100525/php_curl.dll, 9): image not found in Unknown on line 0
[27-Jan-2014 13:40:43 America/New_York] PHP Warning:  PHP Startup: Unable to load dynamic library '/usr/lib/php/extensions/no-debug-non-zts-20100525/php_gd2.dll' - dlopen(/usr/lib/php/extensions/no-debug-non-zts-20100525/php_gd2.dll, 9): image not found in Unknown on line 0
[27-Jan-2014 13:40:43 America/New_York] PHP Warning:  PHP Startup: Unable to load dynamic library '/usr/lib/php/extensions/no-debug-non-zts-20100525/php_mbstring.dll' - dlopen(/usr/lib/php/extensions/no-debug-non-zts-20100525/php_mbstring.dll, 9): image not found in Unknown on line 0
[27-Jan-2014 13:40:43 America/New_York] PHP Warning:  PHP Startup: Unable to load dynamic library '/usr/lib/php/extensions/no-debug-non-zts-20100525/php_mysql.dll' - dlopen(/usr/lib/php/extensions/no-debug-non-zts-20100525/php_mysql.dll, 9): image not found in Unknown on line 0
[27-Jan-2014 13:40:43 America/New_York] PHP Warning:  PHP Startup: Unable to load dynamic library '/usr/lib/php/extensions/no-debug-non-zts-20100525/php_mysqli.dll' - dlopen(/usr/lib/php/extensions/no-debug-non-zts-20100525/php_mysqli.dll, 9): image not found in Unknown on line 0
[27-Jan-2014 13:40:43 America/New_York] PHP Warning:  PHP Startup: Unable to load dynamic library '/usr/lib/php/extensions/no-debug-non-zts-20100525/php_pdo_mysql.dll' - dlopen(/usr/lib/php/extensions/no-debug-non-zts-20100525/php_pdo_mysql.dll, 9): image not found in Unknown on line 0
[27-Jan-2014 13:40:43 America/New_York] PHP Warning:  PHP Startup: Unable to load dynamic library '/usr/lib/php/extensions/no-debug-non-zts-20100525/php_zip.dll' - dlopen(/usr/lib/php/extensions/no-debug-non-zts-20100525/php_zip.dll, 9): image not found in Unknown on line 0
[27-Jan-2014 13:40:43 America/New_York] PHP Parse error:  parse error, expecting `')'' in /Users/katzgrau/Dev/broadstreet-adwidget/compat on line 8
[27-Jan-2014 13:41:00 America/New_York] PHP Warning:  PHP Startup: Unable to load dynamic library '/usr/lib/php/extensions/no-debug-non-zts-20100525/php_curl.dll' - dlopen(/usr/lib/php/extensions/no-debug-non-zts-20100525/php_curl.dll, 9): image not found in Unknown on line 0
[27-Jan-2014 13:41:00 America/New_York] PHP Warning:  PHP Startup: Unable to load dynamic library '/usr/lib/php/extensions/no-debug-non-zts-20100525/php_gd2.dll' - dlopen(/usr/lib/php/extensions/no-debug-non-zts-20100525/php_gd2.dll, 9): image not found in Unknown on line 0
[27-Jan-2014 13:41:00 America/New_York] PHP Warning:  PHP Startup: Unable to load dynamic library '/usr/lib/php/extensions/no-debug-non-zts-20100525/php_mbstring.dll' - dlopen(/usr/lib/php/extensions/no-debug-non-zts-20100525/php_mbstring.dll, 9): image not found in Unknown on line 0
[27-Jan-2014 13:41:00 America/New_York] PHP Warning:  PHP Startup: Unable to load dynamic library '/usr/lib/php/extensions/no-debug-non-zts-20100525/php_mysql.dll' - dlopen(/usr/lib/php/extensions/no-debug-non-zts-20100525/php_mysql.dll, 9): image not found in Unknown on line 0
[27-Jan-2014 13:41:00 America/New_York] PHP Warning:  PHP Startup: Unable to load dynamic library '/usr/lib/php/extensions/no-debug-non-zts-20100525/php_mysqli.dll' - dlopen(/usr/lib/php/extensions/no-debug-non-zts-20100525/php_mysqli.dll, 9): image not found in Unknown on line 0
[27-Jan-2014 13:41:00 America/New_York] PHP Warning:  PHP Startup: Unable to load dynamic library '/usr/lib/php/extensions/no-debug-non-zts-20100525/php_pdo_mysql.dll' - dlopen(/usr/lib/php/extensions/no-debug-non-zts-20100525/php_pdo_mysql.dll, 9): image not found in Unknown on line 0
[27-Jan-2014 13:41:00 America/New_York] PHP Warning:  PHP Startup: Unable to load dynamic library '/usr/lib/php/extensions/no-debug-non-zts-20100525/php_zip.dll' - dlopen(/usr/lib/php/extensions/no-debug-non-zts-20100525/php_zip.dll, 9): image not found in Unknown on line 0
[27-Jan-2014 13:41:23 America/New_York] PHP Warning:  PHP Startup: Unable to load dynamic library '/usr/lib/php/extensions/no-debug-non-zts-20100525/php_curl.dll' - dlopen(/usr/lib/php/extensions/no-debug-non-zts-20100525/php_curl.dll, 9): image not found in Unknown on line 0
[27-Jan-2014 13:41:23 America/New_York] PHP Warning:  PHP Startup: Unable to load dynamic library '/usr/lib/php/extensions/no-debug-non-zts-20100525/php_gd2.dll' - dlopen(/usr/lib/php/extensions/no-debug-non-zts-20100525/php_gd2.dll, 9): image not found in Unknown on line 0
[27-Jan-2014 13:41:23 America/New_York] PHP Warning:  PHP Startup: Unable to load dynamic library '/usr/lib/php/extensions/no-debug-non-zts-20100525/php_mbstring.dll' - dlopen(/usr/lib/php/extensions/no-debug-non-zts-20100525/php_mbstring.dll, 9): image not found in Unknown on line 0
[27-Jan-2014 13:41:23 America/New_York] PHP Warning:  PHP Startup: Unable to load dynamic library '/usr/lib/php/extensions/no-debug-non-zts-20100525/php_mysql.dll' - dlopen(/usr/lib/php/extensions/no-debug-non-zts-20100525/php_mysql.dll, 9): image not found in Unknown on line 0
[27-Jan-2014 13:41:23 America/New_York] PHP Warning:  PHP Startup: Unable to load dynamic library '/usr/lib/php/extensions/no-debug-non-zts-20100525/php_mysqli.dll' - dlopen(/usr/lib/php/extensions/no-debug-non-zts-20100525/php_mysqli.dll, 9): image not found in Unknown on line 0
[27-Jan-2014 13:41:23 America/New_York] PHP Warning:  PHP Startup: Unable to load dynamic library '/usr/lib/php/extensions/no-debug-non-zts-20100525/php_pdo_mysql.dll' - dlopen(/usr/lib/php/extensions/no-debug-non-zts-20100525/php_pdo_mysql.dll, 9): image not found in Unknown on line 0
[27-Jan-2014 13:41:23 America/New_York] PHP Warning:  PHP Startup: Unable to load dynamic library '/usr/lib/php/extensions/no-debug-non-zts-20100525/php_zip.dll' - dlopen(/usr/lib/php/extensions/no-debug-non-zts-20100525/php_zip.dll, 9): image not found in Unknown on line 0
[27-Jan-2014 13:43:10 America/New_York] PHP Warning:  PHP Startup: Unable to load dynamic library '/usr/lib/php/extensions/no-debug-non-zts-20100525/php_curl.dll' - dlopen(/usr/lib/php/extensions/no-debug-non-zts-20100525/php_curl.dll, 9): image not found in Unknown on line 0
[27-Jan-2014 13:43:10 America/New_York] PHP Warning:  PHP Startup: Unable to load dynamic library '/usr/lib/php/extensions/no-debug-non-zts-20100525/php_gd2.dll' - dlopen(/usr/lib/php/extensions/no-debug-non-zts-20100525/php_gd2.dll, 9): image not found in Unknown on line 0
[27-Jan-2014 13:43:10 America/New_York] PHP Warning:  PHP Startup: Unable to load dynamic library '/usr/lib/php/extensions/no-debug-non-zts-20100525/php_mbstring.dll' - dlopen(/usr/lib/php/extensions/no-debug-non-zts-20100525/php_mbstring.dll, 9): image not found in Unknown on line 0
[27-Jan-2014 13:43:10 America/New_York] PHP Warning:  PHP Startup: Unable to load dynamic library '/usr/lib/php/extensions/no-debug-non-zts-20100525/php_mysql.dll' - dlopen(/usr/lib/php/extensions/no-debug-non-zts-20100525/php_mysql.dll, 9): image not found in Unknown on line 0
[27-Jan-2014 13:43:10 America/New_York] PHP Warning:  PHP Startup: Unable to load dynamic library '/usr/lib/php/extensions/no-debug-non-zts-20100525/php_mysqli.dll' - dlopen(/usr/lib/php/extensions/no-debug-non-zts-20100525/php_mysqli.dll, 9): image not found in Unknown on line 0
[27-Jan-2014 13:43:10 America/New_York] PHP Warning:  PHP Startup: Unable to load dynamic library '/usr/lib/php/extensions/no-debug-non-zts-20100525/php_pdo_mysql.dll' - dlopen(/usr/lib/php/extensions/no-debug-non-zts-20100525/php_pdo_mysql.dll, 9): image not found in Unknown on line 0
[27-Jan-2014 13:43:10 America/New_York] PHP Warning:  PHP Startup: Unable to load dynamic library '/usr/lib/php/extensions/no-debug-non-zts-20100525/php_zip.dll' - dlopen(/usr/lib/php/extensions/no-debug-non-zts-20100525/php_zip.dll, 9): image not found in Unknown on line 0
[27-Jan-2014 13:43:10 America/New_York] PHP Parse error:  parse error in /Users/katzgrau/Dev/broadstreet-adwidget/compat on line 12
[27-Jan-2014 13:43:29 America/New_York] PHP Warning:  PHP Startup: Unable to load dynamic library '/usr/lib/php/extensions/no-debug-non-zts-20100525/php_curl.dll' - dlopen(/usr/lib/php/extensions/no-debug-non-zts-20100525/php_curl.dll, 9): image not found in Unknown on line 0
[27-Jan-2014 13:43:29 America/New_York] PHP Warning:  PHP Startup: Unable to load dynamic library '/usr/lib/php/extensions/no-debug-non-zts-20100525/php_gd2.dll' - dlopen(/usr/lib/php/extensions/no-debug-non-zts-20100525/php_gd2.dll, 9): image not found in Unknown on line 0
[27-Jan-2014 13:43:29 America/New_York] PHP Warning:  PHP Startup: Unable to load dynamic library '/usr/lib/php/extensions/no-debug-non-zts-20100525/php_mbstring.dll' - dlopen(/usr/lib/php/extensions/no-debug-non-zts-20100525/php_mbstring.dll, 9): image not found in Unknown on line 0
[27-Jan-2014 13:43:29 America/New_York] PHP Warning:  PHP Startup: Unable to load dynamic library '/usr/lib/php/extensions/no-debug-non-zts-20100525/php_mysql.dll' - dlopen(/usr/lib/php/extensions/no-debug-non-zts-20100525/php_mysql.dll, 9): image not found in Unknown on line 0
[27-Jan-2014 13:43:29 America/New_York] PHP Warning:  PHP Startup: Unable to load dynamic library '/usr/lib/php/extensions/no-debug-non-zts-20100525/php_mysqli.dll' - dlopen(/usr/lib/php/extensions/no-debug-non-zts-20100525/php_mysqli.dll, 9): image not found in Unknown on line 0
[27-Jan-2014 13:43:29 America/New_York] PHP Warning:  PHP Startup: Unable to load dynamic library '/usr/lib/php/extensions/no-debug-non-zts-20100525/php_pdo_mysql.dll' - dlopen(/usr/lib/php/extensions/no-debug-non-zts-20100525/php_pdo_mysql.dll, 9): image not found in Unknown on line 0
[27-Jan-2014 13:43:29 America/New_York] PHP Warning:  PHP Startup: Unable to load dynamic library '/usr/lib/php/extensions/no-debug-non-zts-20100525/php_zip.dll' - dlopen(/usr/lib/php/extensions/no-debug-non-zts-20100525/php_zip.dll, 9): image not found in Unknown on line 0
